{
  "RSpec": {
    "coverage": {
      "/Users/Roberta/Dropbox/BURT/Turing/mod_3/the_pivot/app/models/company.rb": [
        1,
        1,
        1,
        1,
        1,
        1,
        1,
        1,
        null,
        1,
        0,
        null,
        null,
        1,
        null,
        1,
        33,
        null,
        null
      ],
      "/Users/Roberta/Dropbox/BURT/Turing/mod_3/the_pivot/app/models/application_record.rb": [
        1,
        1,
        null
      ],
      "/Users/Roberta/Dropbox/BURT/Turing/mod_3/the_pivot/app/models/industry.rb": [
        1,
        1,
        1,
        1,
        1,
        null,
        1,
        0,
        null,
        null,
        1,
        null,
        1,
        32,
        null,
        null
      ],
      "/Users/Roberta/Dropbox/BURT/Turing/mod_3/the_pivot/app/models/job_application.rb": [
        1,
        1,
        1,
        null,
        1,
        null,
        1,
        2,
        null,
        null
      ],
      "/Users/Roberta/Dropbox/BURT/Turing/mod_3/the_pivot/app/models/job.rb": [
        1,
        1,
        1,
        1,
        1,
        1,
        1,
        1,
        null,
        1,
        null,
        1,
        0,
        null,
        null,
        1,
        1,
        null,
        null,
        1,
        1,
        null,
        null,
        1,
        2,
        1,
        null,
        null,
        1,
        2,
        1,
        null,
        null
      ],
      "/Users/Roberta/Dropbox/BURT/Turing/mod_3/the_pivot/app/models/saved_job.rb": [
        1,
        1,
        1,
        1,
        null
      ],
      "/Users/Roberta/Dropbox/BURT/Turing/mod_3/the_pivot/app/models/user.rb": [
        1,
        1,
        1,
        1,
        1,
        1,
        1,
        1,
        1,
        1,
        1,
        1,
        null,
        1,
        null,
        1,
        8,
        null,
        null,
        1,
        0,
        0,
        0,
        0,
        0,
        null,
        null,
        null,
        1,
        10,
        null,
        null,
        1,
        76,
        null,
        null,
        1,
        75,
        null,
        null,
        1,
        59,
        null,
        null
      ],
      "/Users/Roberta/Dropbox/BURT/Turing/mod_3/the_pivot/app/models/role.rb": [
        1,
        1,
        1,
        null
      ],
      "/Users/Roberta/Dropbox/BURT/Turing/mod_3/the_pivot/app/mailers/user_notifier_mailer.rb": [
        1,
        1,
        null,
        1,
        8,
        8,
        null,
        null,
        null,
        null,
        null,
        1,
        0,
        0,
        0,
        null,
        null,
        null,
        null,
        null
      ],
      "/Users/Roberta/Dropbox/BURT/Turing/mod_3/the_pivot/app/mailers/application_mailer.rb": [
        1,
        1,
        1,
        null
      ],
      "/Users/Roberta/Dropbox/BURT/Turing/mod_3/the_pivot/app/models/user_role.rb": [
        1,
        1,
        1,
        null
      ],
      "/Users/Roberta/Dropbox/BURT/Turing/mod_3/the_pivot/app/controllers/sessions_controller.rb": [
        1,
        1,
        null,
        1,
        null,
        1,
        7,
        7,
        null,
        null,
        1,
        6,
        null,
        null,
        1,
        1,
        1,
        null,
        null,
        null
      ],
      "/Users/Roberta/Dropbox/BURT/Turing/mod_3/the_pivot/app/controllers/application_controller.rb": [
        1,
        1,
        1,
        1,
        1,
        1,
        null,
        1,
        63,
        null,
        null,
        1,
        334,
        null,
        null,
        1,
        6,
        0,
        0,
        null,
        null,
        null,
        1,
        63,
        null,
        null,
        1,
        63,
        0,
        null,
        null,
        null,
        1,
        63,
        null,
        null
      ],
      "/Users/Roberta/Dropbox/BURT/Turing/mod_3/the_pivot/app/services/permission_service.rb": [
        1,
        1,
        null,
        1,
        63,
        null,
        null,
        1,
        null,
        null,
        1,
        null,
        3,
        null,
        7,
        null,
        52,
        63,
        null,
        null,
        1,
        null,
        1,
        1,
        null,
        null,
        1,
        3,
        null,
        null,
        1,
        7,
        7,
        4,
        4,
        4,
        4,
        3,
        3,
        2,
        2,
        null,
        null,
        1,
        52,
        49,
        45,
        36,
        31,
        17,
        11,
        5,
        null,
        null
      ],
      "/Users/Roberta/Dropbox/BURT/Turing/mod_3/the_pivot/app/models/bucket.rb": [
        1,
        1,
        null,
        1,
        67,
        null,
        null,
        1,
        7,
        null,
        null,
        1,
        50,
        null,
        null,
        1,
        2,
        1,
        1,
        null,
        null,
        null,
        1,
        1,
        null,
        null
      ],
      "/Users/Roberta/Dropbox/BURT/Turing/mod_3/the_pivot/app/controllers/admin/dashboard_controller.rb": [
        1,
        1,
        null,
        null
      ],
      "/Users/Roberta/Dropbox/BURT/Turing/mod_3/the_pivot/app/controllers/admin/base_controller.rb": [
        1,
        1,
        null,
        1,
        1,
        0,
        null,
        null,
        null
      ],
      "/Users/Roberta/Dropbox/BURT/Turing/mod_3/the_pivot/app/controllers/users_controller.rb": [
        1,
        1,
        null,
        1,
        1,
        null,
        1,
        1,
        null,
        null,
        1,
        1,
        1,
        1,
        null,
        0,
        null,
        null,
        null,
        1,
        1,
        1,
        1,
        1,
        1,
        null,
        0,
        0,
        null,
        null,
        null,
        1,
        6,
        0,
        6,
        1,
        null,
        null,
        null,
        1,
        null,
        null,
        1,
        0,
        0,
        0,
        null,
        0,
        null,
        null,
        null,
        1,
        null,
        1,
        1,
        1,
        1,
        null,
        null,
        null,
        null,
        null,
        null,
        null,
        null,
        null,
        null,
        null,
        null,
        null
      ],
      "/Users/Roberta/Dropbox/BURT/Turing/mod_3/the_pivot/app/controllers/employer/dashboard_controller.rb": [
        1,
        1,
        null,
        null
      ],
      "/Users/Roberta/Dropbox/BURT/Turing/mod_3/the_pivot/app/controllers/employer/base_controller.rb": [
        1,
        1,
        null,
        1,
        2,
        0,
        null,
        null,
        null
      ],
      "/Users/Roberta/Dropbox/BURT/Turing/mod_3/the_pivot/app/controllers/home_controller.rb": [
        1,
        1,
        null,
        null
      ],
      "/Users/Roberta/Dropbox/BURT/Turing/mod_3/the_pivot/app/controllers/companies_controller.rb": [
        1,
        null,
        1,
        4,
        4,
        4,
        null,
        null,
        1,
        1,
        1,
        0,
        null,
        1,
        null,
        null,
        null,
        1,
        null,
        1,
        14,
        null,
        null,
        1,
        14,
        null,
        null
      ],
      "/Users/Roberta/Dropbox/BURT/Turing/mod_3/the_pivot/app/controllers/jobs_controller.rb": [
        1,
        null,
        1,
        10,
        10,
        10,
        null,
        null,
        1,
        0,
        null,
        null,
        1,
        0,
        null,
        null,
        1,
        null,
        1,
        30,
        null,
        null,
        1,
        30,
        null,
        null
      ],
      "/Users/Roberta/Dropbox/BURT/Turing/mod_3/the_pivot/app/controllers/bucket_jobs_controller.rb": [
        1,
        1,
        1,
        null,
        1,
        4,
        4,
        4,
        4,
        4,
        4,
        null,
        null,
        1,
        2,
        2,
        null,
        null,
        1,
        1,
        1,
        1,
        null,
        null,
        1,
        1,
        4,
        null,
        null,
        null,
        null,
        null,
        1,
        4,
        1,
        null,
        3,
        null,
        null,
        null,
        1,
        2,
        1,
        null,
        1,
        null,
        null,
        null,
        1,
        3,
        null,
        null
      ],
      "/Users/Roberta/Dropbox/BURT/Turing/mod_3/the_pivot/app/controllers/bucket_controller.rb": [
        1,
        null,
        1,
        2,
        null,
        null,
        1,
        3,
        null,
        null,
        null
      ],
      "/Users/Roberta/Dropbox/BURT/Turing/mod_3/the_pivot/app/models/bucket_job.rb": [
        1,
        1,
        null,
        1,
        2,
        2,
        2,
        null,
        null
      ],
      "/Users/Roberta/Dropbox/BURT/Turing/mod_3/the_pivot/app/controllers/saved_jobs_controller.rb": [
        1,
        null,
        1,
        2,
        2,
        2,
        1,
        1,
        null,
        1,
        1,
        null,
        null,
        null,
        null,
        1,
        0,
        0,
        0,
        0,
        null,
        null,
        null,
        null
      ],
      "/Users/Roberta/Dropbox/BURT/Turing/mod_3/the_pivot/app/controllers/job_applications_controller.rb": [
        1,
        1,
        null,
        1,
        null,
        null,
        1,
        null,
        null,
        1,
        1,
        1,
        1,
        1,
        1,
        null,
        0,
        null,
        null,
        null,
        1,
        null,
        1,
        2,
        null,
        null,
        1,
        1,
        null,
        null
      ],
      "/Users/Roberta/Dropbox/BURT/Turing/mod_3/the_pivot/app/channels/application_cable/channel.rb": [
        0,
        0,
        0,
        0
      ],
      "/Users/Roberta/Dropbox/BURT/Turing/mod_3/the_pivot/app/channels/application_cable/connection.rb": [
        0,
        0,
        0,
        0
      ],
      "/Users/Roberta/Dropbox/BURT/Turing/mod_3/the_pivot/app/controllers/charges_controller.rb": [
        0,
        0,
        0,
        0,
        0,
        0,
        0,
        0,
        0,
        0,
        0,
        0,
        0,
        0,
        0,
        0,
        0,
        0,
        0,
        0
      ],
      "/Users/Roberta/Dropbox/BURT/Turing/mod_3/the_pivot/app/controllers/company/jobs_controller.rb": [
        0,
        0,
        0,
        0,
        0
      ],
      "/Users/Roberta/Dropbox/BURT/Turing/mod_3/the_pivot/app/controllers/employer/items_controller.rb": [
        0,
        0,
        0,
        0,
        0,
        0,
        0,
        0,
        0,
        0,
        0,
        0,
        0,
        0,
        0,
        0,
        0,
        0,
        0,
        0,
        0,
        0,
        0,
        0,
        0,
        0,
        0,
        0,
        0,
        0,
        0,
        0,
        0,
        0,
        0,
        0,
        0,
        0,
        0,
        0,
        0,
        0,
        0,
        0,
        0,
        0,
        0,
        0,
        0,
        0,
        0
      ],
      "/Users/Roberta/Dropbox/BURT/Turing/mod_3/the_pivot/app/controllers/industries_controller.rb": [
        0,
        0,
        0,
        0,
        0,
        0
      ],
      "/Users/Roberta/Dropbox/BURT/Turing/mod_3/the_pivot/app/controllers/orders_controller.rb": [
        0,
        0,
        0,
        0,
        0,
        0,
        0,
        0,
        0,
        0,
        0,
        0,
        0,
        0,
        0,
        0,
        0,
        0,
        0,
        0,
        0,
        0
      ],
      "/Users/Roberta/Dropbox/BURT/Turing/mod_3/the_pivot/app/helpers/application_helper.rb": [
        0,
        0,
        0,
        0,
        0,
        0,
        0,
        0,
        0,
        0,
        0,
        0,
        0,
        0,
        0,
        0,
        0,
        0,
        0,
        0,
        0,
        0,
        0,
        0,
        0,
        0,
        0
      ],
      "/Users/Roberta/Dropbox/BURT/Turing/mod_3/the_pivot/app/helpers/charges_helper.rb": [
        0,
        0,
        0,
        0,
        0,
        0,
        0,
        0,
        0,
        0,
        0,
        0,
        0,
        0,
        0,
        0,
        0,
        0,
        0,
        0,
        0
      ],
      "/Users/Roberta/Dropbox/BURT/Turing/mod_3/the_pivot/app/helpers/orders_helper.rb": [
        0,
        0,
        0,
        0,
        0,
        0,
        0,
        0,
        0,
        0,
        0,
        0,
        0,
        0,
        0,
        0,
        0,
        0,
        0,
        0,
        0
      ],
      "/Users/Roberta/Dropbox/BURT/Turing/mod_3/the_pivot/app/helpers/sessions_helper.rb": [
        0,
        0,
        0,
        0,
        0,
        0,
        0,
        0,
        0,
        0,
        0,
        0,
        0,
        0,
        0,
        0,
        0,
        0,
        0,
        0,
        0,
        0,
        0,
        0,
        0,
        0,
        0,
        0,
        0,
        0,
        0,
        0,
        0,
        0,
        0,
        0,
        0,
        0,
        0,
        0,
        0,
        0,
        0,
        0,
        0,
        0,
        0
      ],
      "/Users/Roberta/Dropbox/BURT/Turing/mod_3/the_pivot/app/helpers/users_helper.rb": [
        0,
        0,
        0,
        0,
        0,
        0,
        0,
        0,
        0,
        0,
        0,
        0
      ],
      "/Users/Roberta/Dropbox/BURT/Turing/mod_3/the_pivot/app/jobs/application_job.rb": [
        0,
        0
      ],
      "/Users/Roberta/Dropbox/BURT/Turing/mod_3/the_pivot/app/models/order.rb": [
        0,
        0,
        0,
        0,
        0,
        0,
        0,
        0,
        0,
        0,
        0,
        0,
        0,
        0,
        0,
        0,
        0,
        0,
        0,
        0,
        0,
        0,
        0,
        0,
        0,
        0,
        0,
        0,
        0,
        0,
        0,
        0,
        0,
        0,
        0,
        0,
        0,
        0,
        0,
        0,
        0,
        0,
        0,
        0,
        0,
        0,
        0,
        0
      ]
    },
    "timestamp": 1471806713
  }
}
