{
  "RSpec": {
    "coverage": {
      "/Users/Nicole/Documents/mod3/little_shop/app/models/company.rb": [
        1,
        1,
        1,
        1,
        1,
        1,
        1,
        1,
        null,
        1,
        0,
        null,
        null,
        1,
        null,
        1,
        43,
        null,
        null
      ],
      "/Users/Nicole/Documents/mod3/little_shop/app/models/application_record.rb": [
        1,
        1,
        null
      ],
      "/Users/Nicole/Documents/mod3/little_shop/app/models/industry.rb": [
        1,
        1,
        1,
        1,
        1,
        null,
        1,
        0,
        null,
        null,
        1,
        null,
        1,
        43,
        null,
        null
      ],
      "/Users/Nicole/Documents/mod3/little_shop/app/models/job_application.rb": [
        1,
        1,
        1,
        null,
        1,
        null,
        1,
        2,
        null,
        null
      ],
      "/Users/Nicole/Documents/mod3/little_shop/app/models/job.rb": [
        1,
        1,
        1,
        1,
        1,
        1,
        1,
        1,
        null,
        1,
        null,
        1,
        3,
        null,
        null,
        1,
        1,
        null,
        null,
        1,
        1,
        null,
        null,
        1,
        2,
        1,
        null,
        null,
        1,
        2,
        1,
        null,
        null
      ],
      "/Users/Nicole/Documents/mod3/little_shop/app/models/role.rb": [
        1,
        1,
        1,
        1,
        null
      ],
      "/Users/Nicole/Documents/mod3/little_shop/app/models/saved_job.rb": [
        1,
        1,
        1,
        1,
        null
      ],
      "/Users/Nicole/Documents/mod3/little_shop/app/models/user_role.rb": [
        1,
        1,
        1,
        null
      ],
      "/Users/Nicole/Documents/mod3/little_shop/app/models/user.rb": [
        1,
        1,
        1,
        1,
        1,
        1,
        1,
        1,
        1,
        1,
        1,
        1,
        1,
        null,
        1,
        null,
        1,
        17,
        null,
        null,
        1,
        0,
        0,
        0,
        0,
        0,
        null,
        null,
        null,
        1,
        48,
        null,
        null,
        1,
        145,
        null,
        null,
        1,
        151,
        null,
        null,
        1,
        98,
        null,
        null
      ],
      "/Users/Nicole/Documents/mod3/little_shop/app/mailers/user_notifier_mailer.rb": [
        1,
        1,
        null,
        1,
        46,
        46,
        null,
        null,
        null,
        null,
        null,
        1,
        0,
        0,
        0,
        null,
        null,
        null,
        null,
        null
      ],
      "/Users/Nicole/Documents/mod3/little_shop/app/mailers/application_mailer.rb": [
        1,
        1,
        1,
        null
      ],
      "/Users/Nicole/Documents/mod3/little_shop/app/controllers/sessions_controller.rb": [
        1,
        1,
        null,
        1,
        null,
        1,
        16,
        16,
        null,
        null,
        1,
        14,
        null,
        null,
        1,
        1,
        1,
        null,
        null
      ],
      "/Users/Nicole/Documents/mod3/little_shop/app/controllers/application_controller.rb": [
        1,
        1,
        1,
        1,
        1,
        1,
        null,
        1,
        114,
        null,
        null,
        1,
        644,
        null,
        null,
        1,
        11,
        1,
        1,
        null,
        null,
        null,
        1,
        114,
        null,
        null,
        1,
        118,
        4,
        4,
        null,
        null,
        null,
        1,
        118,
        null,
        null
      ],
      "/Users/Nicole/Documents/mod3/little_shop/app/services/permission_service.rb": [
        1,
        1,
        null,
        1,
        118,
        null,
        null,
        1,
        null,
        null,
        3,
        null,
        17,
        null,
        9,
        null,
        89,
        118,
        null,
        null,
        1,
        null,
        1,
        3,
        null,
        null,
        1,
        17,
        null,
        null,
        1,
        9,
        9,
        5,
        5,
        5,
        5,
        3,
        3,
        2,
        2,
        null,
        null,
        1,
        89,
        83,
        75,
        64,
        58,
        27,
        15,
        9,
        null,
        null
      ],
      "/Users/Nicole/Documents/mod3/little_shop/app/models/bucket.rb": [
        1,
        1,
        null,
        1,
        118,
        null,
        null,
        1,
        7,
        null,
        null,
        1,
        88,
        null,
        null,
        1,
        2,
        1,
        1,
        null,
        null,
        null,
        1,
        1,
        null,
        null
      ],
      "/Users/Nicole/Documents/mod3/little_shop/app/controllers/admin/dashboard_controller.rb": [
        1,
        1,
        null,
        null
      ],
      "/Users/Nicole/Documents/mod3/little_shop/app/controllers/admin/base_controller.rb": [
        1,
        1,
        null,
        1,
        3,
        0,
        null,
        null,
        null
      ],
      "/Users/Nicole/Documents/mod3/little_shop/app/controllers/users_controller.rb": [
        1,
        1,
        null,
        1,
        1,
        null,
        1,
        1,
        null,
        null,
        1,
        1,
        1,
        1,
        1,
        null,
        0,
        null,
        null,
        null,
        1,
        1,
        1,
        1,
        1,
        1,
        null,
        0,
        0,
        null,
        null,
        null,
        1,
        10,
        0,
        10,
        1,
        null,
        null,
        null,
        1,
        null,
        null,
        1,
        0,
        0,
        0,
        null,
        0,
        null,
        null,
        null,
        1,
        null,
        1,
        1,
        1,
        1,
        null,
        null,
        null,
        null,
        null,
        null,
        null,
        null,
        null,
        null,
        null,
        null,
        null
      ],
      "/Users/Nicole/Documents/mod3/little_shop/app/controllers/employer/dashboard_controller.rb": [
        1,
        1,
        null,
        null
      ],
      "/Users/Nicole/Documents/mod3/little_shop/app/controllers/employer/base_controller.rb": [
        1,
        1,
        null,
        1,
        14,
        0,
        null,
        null,
        null
      ],
      "/Users/Nicole/Documents/mod3/little_shop/app/controllers/employer/companies_controller.rb": [
        1,
        null,
        1,
        1,
        1,
        null,
        null,
        1,
        1,
        1,
        1,
        1,
        1,
        1,
        null,
        0,
        0,
        null,
        null,
        null,
        1,
        null,
        1,
        1,
        null,
        null,
        null,
        null,
        null,
        null,
        null,
        null,
        null,
        null
      ],
      "/Users/Nicole/Documents/mod3/little_shop/app/controllers/companies_controller.rb": [
        1,
        null,
        1,
        4,
        4,
        4,
        null,
        null,
        1,
        3,
        3,
        0,
        null,
        3,
        null,
        null,
        null,
        1,
        null,
        1,
        14,
        null,
        null,
        1,
        14,
        null,
        null
      ],
      "/Users/Nicole/Documents/mod3/little_shop/app/controllers/employer/jobs_controller.rb": [
        1,
        1,
        null,
        1,
        1,
        null,
        null,
        1,
        4,
        4,
        null,
        null,
        1,
        1,
        1,
        1,
        1,
        null,
        null,
        null,
        1,
        1,
        1,
        1,
        1,
        1,
        1,
        1,
        null,
        0,
        0,
        null,
        null,
        null,
        1,
        null,
        null,
        1,
        0,
        0,
        0,
        0,
        null,
        0,
        0,
        null,
        null,
        null,
        1,
        null,
        1,
        1,
        null,
        null,
        null,
        null,
        null,
        1,
        0,
        null,
        null,
        null
      ],
      "/Users/Nicole/Documents/mod3/little_shop/app/controllers/jobs_controller.rb": [
        1,
        null,
        1,
        11,
        11,
        11,
        null,
        null,
        1,
        0,
        null,
        null,
        1,
        3,
        null,
        null,
        1,
        null,
        1,
        35,
        null,
        null,
        1,
        35,
        null,
        null
      ],
      "/Users/Nicole/Documents/mod3/little_shop/app/controllers/home_controller.rb": [
        1,
        1,
        null,
        null
      ],
      "/Users/Nicole/Documents/mod3/little_shop/app/controllers/bucket_jobs_controller.rb": [
        1,
        1,
        1,
        null,
        1,
        4,
        4,
        4,
        4,
        4,
        4,
        null,
        null,
        1,
        2,
        2,
        null,
        null,
        1,
        1,
        1,
        1,
        null,
        null,
        1,
        1,
        4,
        null,
        null,
        null,
        null,
        null,
        1,
        4,
        1,
        null,
        3,
        null,
        null,
        null,
        1,
        2,
        1,
        null,
        1,
        null,
        null,
        null,
        1,
        3,
        null,
        null
      ],
      "/Users/Nicole/Documents/mod3/little_shop/app/controllers/bucket_controller.rb": [
        1,
        null,
        1,
        2,
        null,
        null,
        1,
        3,
        null,
        null,
        null
      ],
      "/Users/Nicole/Documents/mod3/little_shop/app/models/bucket_job.rb": [
        1,
        1,
        null,
        1,
        2,
        2,
        2,
        null,
        null
      ],
      "/Users/Nicole/Documents/mod3/little_shop/app/controllers/saved_jobs_controller.rb": [
        1,
        null,
        1,
        2,
        2,
        2,
        1,
        null,
        1,
        null,
        2,
        null,
        null,
        1,
        1,
        1,
        1,
        1,
        null,
        null
      ],
      "/Users/Nicole/Documents/mod3/little_shop/app/controllers/job_applications_controller.rb": [
        1,
        1,
        null,
        1,
        null,
        null,
        1,
        null,
        null,
        1,
        1,
        1,
        1,
        1,
        1,
        null,
        0,
        null,
        null,
        null,
        1,
        null,
        1,
        2,
        null,
        null,
        1,
        1,
        null,
        null
      ],
      "/Users/Nicole/Documents/mod3/little_shop/app/channels/application_cable/channel.rb": [
        0,
        0,
        0,
        0
      ],
      "/Users/Nicole/Documents/mod3/little_shop/app/channels/application_cable/connection.rb": [
        0,
        0,
        0,
        0
      ],
      "/Users/Nicole/Documents/mod3/little_shop/app/controllers/company/jobs_controller.rb": [
        0,
        0,
        0,
        0,
        0
      ],
      "/Users/Nicole/Documents/mod3/little_shop/app/controllers/industries_controller.rb": [
        0,
        0,
        0,
        0,
        0,
        0
      ],
      "/Users/Nicole/Documents/mod3/little_shop/app/helpers/application_helper.rb": [
        0,
        0,
        0,
        0,
        0,
        0,
        0,
        0,
        0,
        0,
        0,
        0,
        0,
        0,
        0,
        0,
        0,
        0,
        0,
        0,
        0,
        0,
        0
      ],
      "/Users/Nicole/Documents/mod3/little_shop/app/helpers/sessions_helper.rb": [
        0,
        0,
        0,
        0,
        0,
        0,
        0,
        0,
        0,
        0,
        0,
        0,
        0,
        0,
        0,
        0,
        0,
        0,
        0,
        0,
        0,
        0,
        0,
        0,
        0,
        0,
        0,
        0,
        0,
        0,
        0,
        0,
        0,
        0,
        0,
        0,
        0,
        0,
        0,
        0,
        0,
        0,
        0,
        0
      ],
      "/Users/Nicole/Documents/mod3/little_shop/app/helpers/users_helper.rb": [
        0,
        0,
        0,
        0,
        0,
        0,
        0,
        0,
        0,
        0,
        0,
        0
      ],
      "/Users/Nicole/Documents/mod3/little_shop/app/jobs/application_job.rb": [
        0,
        0
      ],
      "/Users/Nicole/Documents/mod3/little_shop/app/models/mailers/user_notifier_mailer.rb": [
        0,
        0,
        0,
        0,
        0,
        0,
        0,
        0,
        0,
        0,
        0,
        0,
        0,
        0,
        0,
        0,
        0,
        0,
        0,
        0
      ]
    },
    "timestamp": 1471994015
  }
}
